  Ant.cpp
c:\users\patrick kelly\documents\visual studio 2015\projects\langtonsant\langtonsant\source\ant.cpp(7): warning C4244: 'argument': conversion from 'time_t' to 'unsigned int', possible loss of data
c:\users\patrick kelly\documents\visual studio 2015\projects\langtonsant\langtonsant\source\ant.cpp(45): warning C4267: '=': conversion from 'size_t' to 'unsigned int', possible loss of data
  Board.cpp
c:\users\patrick kelly\documents\visual studio 2015\projects\langtonsant\langtonsant\source\board.cpp(16): warning C4244: 'initializing': conversion from 'unsigned int' to 'float', possible loss of data
c:\users\patrick kelly\documents\visual studio 2015\projects\langtonsant\langtonsant\source\board.cpp(17): warning C4244: 'initializing': conversion from 'unsigned int' to 'float', possible loss of data
  CellAutomation.cpp
c:\users\patrick kelly\documents\visual studio 2015\projects\langtonsant\langtonsant\source\cellautomation.h(30): warning C4477: 'printf' : format string '%d' requires an argument of type 'int', but variadic argument 1 has type 'double'
c:\users\patrick kelly\documents\visual studio 2015\projects\langtonsant\langtonsant\source\cellautomation.h(30): warning C4477: 'printf' : format string '%c' requires an argument of type 'int', but variadic argument 2 has type 'const char *'
c:\users\patrick kelly\documents\visual studio 2015\projects\langtonsant\langtonsant\source\cellautomation.h(30): warning C4313: 'printf': '%c' in format string conflicts with argument 2 of type 'const char *'
c:\users\patrick kelly\documents\visual studio 2015\projects\langtonsant\langtonsant\source\cellautomation.cpp(11): warning C4244: 'argument': conversion from 'time_t' to 'unsigned int', possible loss of data
c:\users\patrick kelly\documents\visual studio 2015\projects\langtonsant\langtonsant\source\cellautomation.cpp(75): warning C4018: '<': signed/unsigned mismatch
c:\users\patrick kelly\documents\visual studio 2015\projects\langtonsant\langtonsant\source\cellautomation.cpp(138): warning C4267: 'initializing': conversion from 'size_t' to 'unsigned int', possible loss of data
c:\users\patrick kelly\documents\visual studio 2015\projects\langtonsant\langtonsant\source\cellautomation.h(66): warning C4018: '<': signed/unsigned mismatch
  c:\users\patrick kelly\documents\visual studio 2015\projects\langtonsant\langtonsant\source\cellautomation.cpp(20): note: see reference to function template instantiation 'void CellAutomation::CellForEach<CellAutomation::{ctor}::<lambda_81d821740afa8eecd369e9d034bd3c76>>(F)' being compiled
          with
          [
              F=CellAutomation::{ctor}::<lambda_81d821740afa8eecd369e9d034bd3c76>
          ]
c:\users\patrick kelly\documents\visual studio 2015\projects\langtonsant\langtonsant\source\cellautomation.h(68): warning C4018: '<': signed/unsigned mismatch
  LangtonsAnt.cpp
c:\users\patrick kelly\documents\visual studio 2015\projects\langtonsant\langtonsant\source\cellautomation.h(30): warning C4477: 'printf' : format string '%d' requires an argument of type 'int', but variadic argument 1 has type 'double'
c:\users\patrick kelly\documents\visual studio 2015\projects\langtonsant\langtonsant\source\cellautomation.h(30): warning C4477: 'printf' : format string '%c' requires an argument of type 'int', but variadic argument 2 has type 'const char *'
c:\users\patrick kelly\documents\visual studio 2015\projects\langtonsant\langtonsant\source\cellautomation.h(30): warning C4313: 'printf': '%c' in format string conflicts with argument 2 of type 'const char *'
  Generating Code...
c:\users\patrick kelly\documents\visual studio 2015\projects\langtonsant\langtonsant\source\cellautomation.cpp(54): warning C4715: 'CellAutomation::FlipCellColour': not all control paths return a value
c:\users\patrick kelly\documents\visual studio 2015\projects\langtonsant\langtonsant\source\cellautomation.cpp(40): warning C4715: 'CellAutomation::GetCellColor': not all control paths return a value
  LangtonsAnt.vcxproj -> C:\Users\Patrick Kelly\Documents\Visual Studio 2015\Projects\LangtonsAnt\x64\Debug\LangtonsAnt.exe
